<?xml version="1.0" encoding="UTF-8"?>
<testng-results ignored="0" total="1" passed="1" failed="0" skipped="0">
  <reporter-output>
  </reporter-output>
  <suite started-at="2023-06-05T12:19:39 IST" name="Default suite" finished-at="2023-06-05T12:20:38 IST" duration-ms="59062">
    <groups>
    </groups>
    <test started-at="2023-06-05T12:19:39 IST" name="Default test" finished-at="2023-06-05T12:20:38 IST" duration-ms="59062">
      <class name="POMPOFdemo.POMPOFdemo.LoginTest">
        <test-method is-config="true" signature="startreport()[pri:0, instance:POMPOFdemo.POMPOFdemo.LoginTest@27f981c6]" started-at="2023-06-05T12:19:39 IST" name="startreport" finished-at="2023-06-05T12:19:39 IST" duration-ms="200" status="PASS">
          <reporter-output>
          </reporter-output>
        </test-method> <!-- startreport -->
        <test-method signature="login()[pri:0, instance:POMPOFdemo.POMPOFdemo.LoginTest@27f981c6]" started-at="2023-06-05T12:19:39 IST" name="login" finished-at="2023-06-05T12:20:37 IST" duration-ms="58138" status="PASS">
          <reporter-output>
          </reporter-output>
        </test-method> <!-- login -->
        <test-method is-config="true" signature="closeTest()[pri:0, instance:POMPOFdemo.POMPOFdemo.LoginTest@27f981c6]" started-at="2023-06-05T12:20:37 IST" name="closeTest" finished-at="2023-06-05T12:20:38 IST" duration-ms="635" status="PASS">
          <reporter-output>
          </reporter-output>
        </test-method> <!-- closeTest -->
      </class> <!-- POMPOFdemo.POMPOFdemo.LoginTest -->
    </test> <!-- Default test -->
  </suite> <!-- Default suite -->
</testng-results>
